# JRE version: Java(TM) SE Runtime Environment (8.0_60-b27) (build 1.8.0_60-b27)
# Java VM: Java HotSpot(TM) 64-Bit Server VM (25.60-b23 mixed mode windows-amd64 compressed oops)
Heap:
 PSYoungGen      total 196096K, used 131834K [0x00000000d6c00000, 0x00000000e3c00000, 0x0000000100000000)
  eden space 185856K, 70% used [0x00000000d6c00000,0x00000000decbe910,0x00000000e2180000)
  from space 10240K, 0% used [0x00000000e2b80000,0x00000000e2b80000,0x00000000e3580000)
  to   space 10240K, 0% used [0x00000000e2180000,0x00000000e2180000,0x00000000e2b80000)
 ParOldGen       total 88576K, used 16084K [0x0000000084400000, 0x0000000089a80000, 0x00000000d6c00000)
  object space 88576K, 18% used [0x0000000084400000,0x00000000853b5000,0x0000000089a80000)
 Metaspace       used 37302K, capacity 38528K, committed 38784K, reserved 1083392K
  class space    used 4548K, capacity 4939K, committed 4992K, reserved 1048576K
GC Heap History (10 events):
Event: 16.189 GC heap before
{Heap before GC invocations=8 (full 1):
 PSYoungGen      total 99840K, used 99633K [0x00000000d6c00000, 0x00000000df580000, 0x0000000100000000)
  eden space 96256K, 100% used [0x00000000d6c00000,0x00000000dca00000,0x00000000dca00000)
  from space 3584K, 94% used [0x00000000df200000,0x00000000df54c668,0x00000000df580000)
  to   space 10752K, 0% used [0x00000000de080000,0x00000000de080000,0x00000000deb00000)
 ParOldGen       total 63488K, used 11750K [0x0000000084400000, 0x0000000088200000, 0x00000000d6c00000)
  object space 63488K, 18% used [0x0000000084400000,0x0000000084f798f0,0x0000000088200000)
 Metaspace       used 27016K, capacity 28202K, committed 28416K, reserved 1073152K
  class space    used 3340K, capacity 3742K, committed 3840K, reserved 1048576K
Event: 16.200 GC heap after
Heap after GC invocations=8 (full 1):
 PSYoungGen      total 130048K, used 3843K [0x00000000d6c00000, 0x00000000e0b00000, 0x0000000100000000)
  eden space 119296K, 0% used [0x00000000d6c00000,0x00000000d6c00000,0x00000000de080000)
  from space 10752K, 35% used [0x00000000de080000,0x00000000de440d70,0x00000000deb00000)
  to   space 10752K, 0% used [0x00000000e0080000,0x00000000e0080000,0x00000000e0b00000)
 ParOldGen       total 63488K, used 11758K [0x0000000084400000, 0x0000000088200000, 0x00000000d6c00000)
  object space 63488K, 18% used [0x0000000084400000,0x0000000084f7b8f0,0x0000000088200000)
 Metaspace       used 27016K, capacity 28202K, committed 28416K, reserved 1073152K
  class space    used 3340K, capacity 3742K, committed 3840K, reserved 1048576K
}
Event: 17.904 GC heap before
{Heap before GC invocations=9 (full 1):
 PSYoungGen      total 130048K, used 123139K [0x00000000d6c00000, 0x00000000e0b00000, 0x0000000100000000)
  eden space 119296K, 100% used [0x00000000d6c00000,0x00000000de080000,0x00000000de080000)
  from space 10752K, 35% used [0x00000000de080000,0x00000000de440d70,0x00000000deb00000)
  to   space 10752K, 0% used [0x00000000e0080000,0x00000000e0080000,0x00000000e0b00000)
 ParOldGen       total 63488K, used 11758K [0x0000000084400000, 0x0000000088200000, 0x00000000d6c00000)
  object space 63488K, 18% used [0x0000000084400000,0x0000000084f7b8f0,0x0000000088200000)
 Metaspace       used 30428K, capacity 31658K, committed 31744K, reserved 1077248K
  class space    used 3699K, capacity 4062K, committed 4096K, reserved 1048576K
Event: 17.940 GC heap after
Heap after GC invocations=9 (full 1):
 PSYoungGen      total 152576K, used 5856K [0x00000000d6c00000, 0x00000000e2f00000, 0x0000000100000000)
  eden space 141824K, 0% used [0x00000000d6c00000,0x00000000d6c00000,0x00000000df680000)
  from space 10752K, 54% used [0x00000000e0080000,0x00000000e0638210,0x00000000e0b00000)
  to   space 10240K, 0% used [0x00000000df680000,0x00000000df680000,0x00000000e0080000)
 ParOldGen       total 63488K, used 11766K [0x0000000084400000, 0x0000000088200000, 0x00000000d6c00000)
  object space 63488K, 18% used [0x0000000084400000,0x0000000084f7d8f0,0x0000000088200000)
 Metaspace       used 30428K, capacity 31658K, committed 31744K, reserved 1077248K
  class space    used 3699K, capacity 4062K, committed 4096K, reserved 1048576K
}
Event: 19.463 GC heap before
{Heap before GC invocations=10 (full 1):
 PSYoungGen      total 152576K, used 147680K [0x00000000d6c00000, 0x00000000e2f00000, 0x0000000100000000)
  eden space 141824K, 100% used [0x00000000d6c00000,0x00000000df680000,0x00000000df680000)
  from space 10752K, 54% used [0x00000000e0080000,0x00000000e0638210,0x00000000e0b00000)
  to   space 10240K, 0% used [0x00000000df680000,0x00000000df680000,0x00000000e0080000)
 ParOldGen       total 63488K, used 11766K [0x0000000084400000, 0x0000000088200000, 0x00000000d6c00000)
  object space 63488K, 18% used [0x0000000084400000,0x0000000084f7d8f0,0x0000000088200000)
 Metaspace       used 33092K, capacity 34332K, committed 34688K, reserved 1079296K
  class space    used 4027K, capacity 4418K, committed 4480K, reserved 1048576K
Event: 19.492 GC heap after
Heap after GC invocations=10 (full 1):
 PSYoungGen      total 152064K, used 7397K [0x00000000d6c00000, 0x00000000e3580000, 0x0000000100000000)
  eden space 141824K, 0% used [0x00000000d6c00000,0x00000000d6c00000,0x00000000df680000)
  from space 10240K, 72% used [0x00000000df680000,0x00000000dfdb96d0,0x00000000e0080000)
  to   space 10240K, 0% used [0x00000000e2b80000,0x00000000e2b80000,0x00000000e3580000)
 ParOldGen       total 63488K, used 11766K [0x0000000084400000, 0x0000000088200000, 0x00000000d6c00000)
  object space 63488K, 18% used [0x0000000084400000,0x0000000084f7d8f0,0x0000000088200000)
 Metaspace       used 33092K, capacity 34332K, committed 34688K, reserved 1079296K
  class space    used 4027K, capacity 4418K, committed 4480K, reserved 1048576K
}
Event: 19.856 GC heap before
{Heap before GC invocations=11 (full 1):
 PSYoungGen      total 152064K, used 49469K [0x00000000d6c00000, 0x00000000e3580000, 0x0000000100000000)
  eden space 141824K, 29% used [0x00000000d6c00000,0x00000000d9515fd0,0x00000000df680000)
  from space 10240K, 72% used [0x00000000df680000,0x00000000dfdb96d0,0x00000000e0080000)
  to   space 10240K, 0% used [0x00000000e2b80000,0x00000000e2b80000,0x00000000e3580000)
 ParOldGen       total 63488K, used 11766K [0x0000000084400000, 0x0000000088200000, 0x00000000d6c00000)
  object space 63488K, 18% used [0x0000000084400000,0x0000000084f7d8f0,0x0000000088200000)
 Metaspace       used 34018K, capacity 35204K, committed 35416K, reserved 1081344K
  class space    used 4128K, capacity 4517K, committed 4608K, reserved 1048576K
Event: 19.872 GC heap after
Heap after GC invocations=11 (full 1):
 PSYoungGen      total 196096K, used 5902K [0x00000000d6c00000, 0x00000000e3c00000, 0x0000000100000000)
  eden space 185856K, 0% used [0x00000000d6c00000,0x00000000d6c00000,0x00000000e2180000)
  from space 10240K, 57% used [0x00000000e2b80000,0x00000000e31438c0,0x00000000e3580000)
  to   space 10240K, 0% used [0x00000000e2180000,0x00000000e2180000,0x00000000e2b80000)
 ParOldGen       total 63488K, used 11774K [0x0000000084400000, 0x0000000088200000, 0x00000000d6c00000)
  object space 63488K, 18% used [0x0000000084400000,0x0000000084f7f8f0,0x0000000088200000)
 Metaspace       used 34018K, capacity 35204K, committed 35416K, reserved 1081344K
  class space    used 4128K, capacity 4517K, committed 4608K, reserved 1048576K
}
Event: 19.872 GC heap before
{Heap before GC invocations=12 (full 2):
 PSYoungGen      total 196096K, used 5902K [0x00000000d6c00000, 0x00000000e3c00000, 0x0000000100000000)
  eden space 185856K, 0% used [0x00000000d6c00000,0x00000000d6c00000,0x00000000e2180000)
  from space 10240K, 57% used [0x00000000e2b80000,0x00000000e31438c0,0x00000000e3580000)
  to   space 10240K, 0% used [0x00000000e2180000,0x00000000e2180000,0x00000000e2b80000)
 ParOldGen       total 63488K, used 11774K [0x0000000084400000, 0x0000000088200000, 0x00000000d6c00000)
  object space 63488K, 18% used [0x0000000084400000,0x0000000084f7f8f0,0x0000000088200000)
 Metaspace       used 34018K, capacity 35204K, committed 35416K, reserved 1081344K
  class space    used 4128K, capacity 4517K, committed 4608K, reserved 1048576K
Event: 20.008 GC heap after
Heap after GC invocations=12 (full 2):
 PSYoungGen      total 196096K, used 0K [0x00000000d6c00000, 0x00000000e3c00000, 0x0000000100000000)
  eden space 185856K, 0% used [0x00000000d6c00000,0x00000000d6c00000,0x00000000e2180000)
  from space 10240K, 0% used [0x00000000e2b80000,0x00000000e2b80000,0x00000000e3580000)
  to   space 10240K, 0% used [0x00000000e2180000,0x00000000e2180000,0x00000000e2b80000)
 ParOldGen       total 88576K, used 16084K [0x0000000084400000, 0x0000000089a80000, 0x00000000d6c00000)
  object space 88576K, 18% used [0x0000000084400000,0x00000000853b5000,0x0000000089a80000)
 Metaspace       used 34018K, capacity 35204K, committed 35416K, reserved 1081344K
  class space    used 4128K, capacity 4517K, committed 4608K, reserved 1048576K
}

