# JRE version: Java(TM) SE Runtime Environment (8.0_60-b27) (build 1.8.0_60-b27)
# Java VM: Java HotSpot(TM) 64-Bit Server VM (25.60-b23 mixed mode windows-amd64 compressed oops)
Heap:
 PSYoungGen      total 219136K, used 35873K [0x00000000d6c00000, 0x00000000ebf00000, 0x0000000100000000)
  eden space 208896K, 14% used [0x00000000d6c00000,0x00000000d8a74590,0x00000000e3800000)
  from space 10240K, 45% used [0x00000000e3800000,0x00000000e3c94128,0x00000000e4200000)
  to   space 10240K, 0% used [0x00000000eb500000,0x00000000eb500000,0x00000000ebf00000)
 ParOldGen       total 65536K, used 14046K [0x0000000084400000, 0x0000000088400000, 0x00000000d6c00000)
  object space 65536K, 21% used [0x0000000084400000,0x00000000851b7b60,0x0000000088400000)
 Metaspace       used 23808K, capacity 24938K, committed 25216K, reserved 1071104K
  class space    used 3421K, capacity 3853K, committed 3968K, reserved 1048576K
GC Heap History (10 events):
Event: 5.442 GC heap before
{Heap before GC invocations=6 (full 1):
 PSYoungGen      total 96256K, used 95854K [0x00000000d6c00000, 0x00000000df200000, 0x0000000100000000)
  eden space 91136K, 100% used [0x00000000d6c00000,0x00000000dc500000,0x00000000dc500000)
  from space 5120K, 92% used [0x00000000ded00000,0x00000000df19b910,0x00000000df200000)
  to   space 5120K, 0% used [0x00000000de800000,0x00000000de800000,0x00000000ded00000)
 ParOldGen       total 65536K, used 10928K [0x0000000084400000, 0x0000000088400000, 0x00000000d6c00000)
  object space 65536K, 16% used [0x0000000084400000,0x0000000084eac2a8,0x0000000088400000)
 Metaspace       used 23527K, capacity 24650K, committed 24832K, reserved 1071104K
  class space    used 3411K, capacity 3821K, committed 3840K, reserved 1048576K
Event: 5.454 GC heap after
Heap after GC invocations=6 (full 1):
 PSYoungGen      total 132096K, used 3994K [0x00000000d6c00000, 0x00000000e0480000, 0x0000000100000000)
  eden space 126976K, 0% used [0x00000000d6c00000,0x00000000d6c00000,0x00000000de800000)
  from space 5120K, 78% used [0x00000000de800000,0x00000000debe6820,0x00000000ded00000)
  to   space 11264K, 0% used [0x00000000df980000,0x00000000df980000,0x00000000e0480000)
 ParOldGen       total 65536K, used 10936K [0x0000000084400000, 0x0000000088400000, 0x00000000d6c00000)
  object space 65536K, 16% used [0x0000000084400000,0x0000000084eae2a8,0x0000000088400000)
 Metaspace       used 23527K, capacity 24650K, committed 24832K, reserved 1071104K
  class space    used 3411K, capacity 3821K, committed 3840K, reserved 1048576K
}
Event: 6.116 GC heap before
{Heap before GC invocations=7 (full 1):
 PSYoungGen      total 132096K, used 130970K [0x00000000d6c00000, 0x00000000e0480000, 0x0000000100000000)
  eden space 126976K, 100% used [0x00000000d6c00000,0x00000000de800000,0x00000000de800000)
  from space 5120K, 78% used [0x00000000de800000,0x00000000debe6820,0x00000000ded00000)
  to   space 11264K, 0% used [0x00000000df980000,0x00000000df980000,0x00000000e0480000)
 ParOldGen       total 65536K, used 14027K [0x0000000084400000, 0x0000000088400000, 0x00000000d6c00000)
  object space 65536K, 21% used [0x0000000084400000,0x00000000851b2f90,0x0000000088400000)
 Metaspace       used 23750K, capacity 24938K, committed 25216K, reserved 1071104K
  class space    used 3418K, capacity 3853K, committed 3968K, reserved 1048576K
Event: 6.129 GC heap after
Heap after GC invocations=7 (full 1):
 PSYoungGen      total 145408K, used 5448K [0x00000000d6c00000, 0x00000000e3c80000, 0x0000000100000000)
  eden space 134144K, 0% used [0x00000000d6c00000,0x00000000d6c00000,0x00000000def00000)
  from space 11264K, 48% used [0x00000000df980000,0x00000000dfed21b8,0x00000000e0480000)
  to   space 10752K, 0% used [0x00000000def00000,0x00000000def00000,0x00000000df980000)
 ParOldGen       total 65536K, used 14035K [0x0000000084400000, 0x0000000088400000, 0x00000000d6c00000)
  object space 65536K, 21% used [0x0000000084400000,0x00000000851b4f90,0x0000000088400000)
 Metaspace       used 23750K, capacity 24938K, committed 25216K, reserved 1071104K
  class space    used 3418K, capacity 3853K, committed 3968K, reserved 1048576K
}
Event: 6.821 GC heap before
{Heap before GC invocations=8 (full 1):
 PSYoungGen      total 145408K, used 139592K [0x00000000d6c00000, 0x00000000e3c80000, 0x0000000100000000)
  eden space 134144K, 100% used [0x00000000d6c00000,0x00000000def00000,0x00000000def00000)
  from space 11264K, 48% used [0x00000000df980000,0x00000000dfed21b8,0x00000000e0480000)
  to   space 10752K, 0% used [0x00000000def00000,0x00000000def00000,0x00000000df980000)
 ParOldGen       total 65536K, used 14035K [0x0000000084400000, 0x0000000088400000, 0x00000000d6c00000)
  object space 65536K, 21% used [0x0000000084400000,0x00000000851b4f90,0x0000000088400000)
 Metaspace       used 23788K, capacity 24938K, committed 25216K, reserved 1071104K
  class space    used 3419K, capacity 3853K, committed 3968K, reserved 1048576K
Event: 6.837 GC heap after
Heap after GC invocations=8 (full 1):
 PSYoungGen      total 144896K, used 7597K [0x00000000d6c00000, 0x00000000e4c80000, 0x0000000100000000)
  eden space 134144K, 0% used [0x00000000d6c00000,0x00000000d6c00000,0x00000000def00000)
  from space 10752K, 70% used [0x00000000def00000,0x00000000df66b5b0,0x00000000df980000)
  to   space 10752K, 0% used [0x00000000e4200000,0x00000000e4200000,0x00000000e4c80000)
 ParOldGen       total 65536K, used 14035K [0x0000000084400000, 0x0000000088400000, 0x00000000d6c00000)
  object space 65536K, 21% used [0x0000000084400000,0x00000000851b4f90,0x0000000088400000)
 Metaspace       used 23788K, capacity 24938K, committed 25216K, reserved 1071104K
  class space    used 3419K, capacity 3853K, committed 3968K, reserved 1048576K
}
Event: 7.680 GC heap before
{Heap before GC invocations=9 (full 1):
 PSYoungGen      total 144896K, used 141741K [0x00000000d6c00000, 0x00000000e4c80000, 0x0000000100000000)
  eden space 134144K, 100% used [0x00000000d6c00000,0x00000000def00000,0x00000000def00000)
  from space 10752K, 70% used [0x00000000def00000,0x00000000df66b5b0,0x00000000df980000)
  to   space 10752K, 0% used [0x00000000e4200000,0x00000000e4200000,0x00000000e4c80000)
 ParOldGen       total 65536K, used 14038K [0x0000000084400000, 0x0000000088400000, 0x00000000d6c00000)
  object space 65536K, 21% used [0x0000000084400000,0x00000000851b5b60,0x0000000088400000)
 Metaspace       used 23801K, capacity 24938K, committed 25216K, reserved 1071104K
  class space    used 3419K, capacity 3853K, committed 3968K, reserved 1048576K
Event: 7.697 GC heap after
Heap after GC invocations=9 (full 1):
 PSYoungGen      total 219648K, used 6045K [0x00000000d6c00000, 0x00000000e4d80000, 0x0000000100000000)
  eden space 208896K, 0% used [0x00000000d6c00000,0x00000000d6c00000,0x00000000e3800000)
  from space 10752K, 56% used [0x00000000e4200000,0x00000000e47e77e0,0x00000000e4c80000)
  to   space 10240K, 0% used [0x00000000e3800000,0x00000000e3800000,0x00000000e4200000)
 ParOldGen       total 65536K, used 14046K [0x0000000084400000, 0x0000000088400000, 0x00000000d6c00000)
  object space 65536K, 21% used [0x0000000084400000,0x00000000851b7b60,0x0000000088400000)
 Metaspace       used 23801K, capacity 24938K, committed 25216K, reserved 1071104K
  class space    used 3419K, capacity 3853K, committed 3968K, reserved 1048576K
}
Event: 7.701 GC heap before
{Heap before GC invocations=10 (full 1):
 PSYoungGen      total 219648K, used 9379K [0x00000000d6c00000, 0x00000000e4d80000, 0x0000000100000000)
  eden space 208896K, 1% used [0x00000000d6c00000,0x00000000d6f41488,0x00000000e3800000)
  from space 10752K, 56% used [0x00000000e4200000,0x00000000e47e77e0,0x00000000e4c80000)
  to   space 10240K, 0% used [0x00000000e3800000,0x00000000e3800000,0x00000000e4200000)
 ParOldGen       total 65536K, used 14046K [0x0000000084400000, 0x0000000088400000, 0x00000000d6c00000)
  object space 65536K, 21% used [0x0000000084400000,0x00000000851b7b60,0x0000000088400000)
 Metaspace       used 23801K, capacity 24938K, committed 25216K, reserved 1071104K
  class space    used 3419K, capacity 3853K, committed 3968K, reserved 1048576K
Event: 7.712 GC heap after
Heap after GC invocations=10 (full 1):
 PSYoungGen      total 219136K, used 4688K [0x00000000d6c00000, 0x00000000ebf00000, 0x0000000100000000)
  eden space 208896K, 0% used [0x00000000d6c00000,0x00000000d6c00000,0x00000000e3800000)
  from space 10240K, 45% used [0x00000000e3800000,0x00000000e3c94128,0x00000000e4200000)
  to   space 10240K, 0% used [0x00000000eb500000,0x00000000eb500000,0x00000000ebf00000)
 ParOldGen       total 65536K, used 14046K [0x0000000084400000, 0x0000000088400000, 0x00000000d6c00000)
  object space 65536K, 21% used [0x0000000084400000,0x00000000851b7b60,0x0000000088400000)
 Metaspace       used 23801K, capacity 24938K, committed 25216K, reserved 1071104K
  class space    used 3419K, capacity 3853K, committed 3968K, reserved 1048576K
}

