# JRE version: Java(TM) SE Runtime Environment (8.0_60-b27) (build 1.8.0_60-b27)
# Java VM: Java HotSpot(TM) 64-Bit Server VM (25.60-b23 mixed mode windows-amd64 compressed oops)
Heap:
 PSYoungGen      total 129536K, used 8875K [0x00000000d6c00000, 0x00000000df900000, 0x0000000100000000)
  eden space 118784K, 4% used [0x00000000d6c00000,0x00000000d70d5bc0,0x00000000de000000)
  from space 10752K, 36% used [0x00000000de000000,0x00000000de3d50a0,0x00000000dea80000)
  to   space 10752K, 0% used [0x00000000dee80000,0x00000000dee80000,0x00000000df900000)
 ParOldGen       total 66560K, used 11720K [0x0000000084400000, 0x0000000088500000, 0x00000000d6c00000)
  object space 66560K, 17% used [0x0000000084400000,0x0000000084f72330,0x0000000088500000)
 Metaspace       used 26750K, capacity 28036K, committed 28288K, reserved 1073152K
  class space    used 3301K, capacity 3709K, committed 3712K, reserved 1048576K
GC Heap History (10 events):
Event: 10.404 GC heap before
{Heap before GC invocations=4 (full 0):
 PSYoungGen      total 36864K, used 36840K [0x00000000d6c00000, 0x00000000db400000, 0x0000000100000000)
  eden space 31744K, 100% used [0x00000000d6c00000,0x00000000d8b00000,0x00000000d8b00000)
  from space 5120K, 99% used [0x00000000d8b00000,0x00000000d8ffa060,0x00000000d9000000)
  to   space 5120K, 0% used [0x00000000daf00000,0x00000000daf00000,0x00000000db400000)
 ParOldGen       total 84992K, used 7581K [0x0000000084400000, 0x0000000089700000, 0x00000000d6c00000)
  object space 84992K, 8% used [0x0000000084400000,0x0000000084b67478,0x0000000089700000)
 Metaspace       used 18737K, capacity 19810K, committed 20096K, reserved 1067008K
  class space    used 2248K, capacity 2601K, committed 2688K, reserved 1048576K
Event: 10.415 GC heap after
Heap after GC invocations=4 (full 0):
 PSYoungGen      total 68608K, used 5117K [0x00000000d6c00000, 0x00000000db400000, 0x0000000100000000)
  eden space 63488K, 0% used [0x00000000d6c00000,0x00000000d6c00000,0x00000000daa00000)
  from space 5120K, 99% used [0x00000000daf00000,0x00000000db3ff6a0,0x00000000db400000)
  to   space 5120K, 0% used [0x00000000daa00000,0x00000000daa00000,0x00000000daf00000)
 ParOldGen       total 84992K, used 7701K [0x0000000084400000, 0x0000000089700000, 0x00000000d6c00000)
  object space 84992K, 9% used [0x0000000084400000,0x0000000084b85478,0x0000000089700000)
 Metaspace       used 18737K, capacity 19810K, committed 20096K, reserved 1067008K
  class space    used 2248K, capacity 2601K, committed 2688K, reserved 1048576K
}
Event: 10.831 GC heap before
{Heap before GC invocations=5 (full 0):
 PSYoungGen      total 68608K, used 36529K [0x00000000d6c00000, 0x00000000db400000, 0x0000000100000000)
  eden space 63488K, 49% used [0x00000000d6c00000,0x00000000d8aad098,0x00000000daa00000)
  from space 5120K, 99% used [0x00000000daf00000,0x00000000db3ff6a0,0x00000000db400000)
  to   space 5120K, 0% used [0x00000000daa00000,0x00000000daa00000,0x00000000daf00000)
 ParOldGen       total 84992K, used 7701K [0x0000000084400000, 0x0000000089700000, 0x00000000d6c00000)
  object space 84992K, 9% used [0x0000000084400000,0x0000000084b85478,0x0000000089700000)
 Metaspace       used 19945K, capacity 21050K, committed 21248K, reserved 1067008K
  class space    used 2370K, capacity 2733K, committed 2816K, reserved 1048576K
Event: 10.845 GC heap after
Heap after GC invocations=5 (full 0):
 PSYoungGen      total 68608K, used 5096K [0x00000000d6c00000, 0x00000000dfc00000, 0x0000000100000000)
  eden space 63488K, 0% used [0x00000000d6c00000,0x00000000d6c00000,0x00000000daa00000)
  from space 5120K, 99% used [0x00000000daa00000,0x00000000daefa060,0x00000000daf00000)
  to   space 10240K, 0% used [0x00000000df200000,0x00000000df200000,0x00000000dfc00000)
 ParOldGen       total 84992K, used 9093K [0x0000000084400000, 0x0000000089700000, 0x00000000d6c00000)
  object space 84992K, 10% used [0x0000000084400000,0x0000000084ce1708,0x0000000089700000)
 Metaspace       used 19945K, capacity 21050K, committed 21248K, reserved 1067008K
  class space    used 2370K, capacity 2733K, committed 2816K, reserved 1048576K
}
Event: 10.845 GC heap before
{Heap before GC invocations=6 (full 1):
 PSYoungGen      total 68608K, used 5096K [0x00000000d6c00000, 0x00000000dfc00000, 0x0000000100000000)
  eden space 63488K, 0% used [0x00000000d6c00000,0x00000000d6c00000,0x00000000daa00000)
  from space 5120K, 99% used [0x00000000daa00000,0x00000000daefa060,0x00000000daf00000)
  to   space 10240K, 0% used [0x00000000df200000,0x00000000df200000,0x00000000dfc00000)
 ParOldGen       total 84992K, used 9093K [0x0000000084400000, 0x0000000089700000, 0x00000000d6c00000)
  object space 84992K, 10% used [0x0000000084400000,0x0000000084ce1708,0x0000000089700000)
 Metaspace       used 19945K, capacity 21050K, committed 21248K, reserved 1067008K
  class space    used 2370K, capacity 2733K, committed 2816K, reserved 1048576K
Event: 10.936 GC heap after
Heap after GC invocations=6 (full 1):
 PSYoungGen      total 68608K, used 0K [0x00000000d6c00000, 0x00000000dfc00000, 0x0000000100000000)
  eden space 63488K, 0% used [0x00000000d6c00000,0x00000000d6c00000,0x00000000daa00000)
  from space 5120K, 0% used [0x00000000daa00000,0x00000000daa00000,0x00000000daf00000)
  to   space 10240K, 0% used [0x00000000df200000,0x00000000df200000,0x00000000dfc00000)
 ParOldGen       total 66560K, used 11712K [0x0000000084400000, 0x0000000088500000, 0x00000000d6c00000)
  object space 66560K, 17% used [0x0000000084400000,0x0000000084f70330,0x0000000088500000)
 Metaspace       used 19944K, capacity 21048K, committed 21248K, reserved 1067008K
  class space    used 2369K, capacity 2732K, committed 2816K, reserved 1048576K
}
Event: 11.630 GC heap before
{Heap before GC invocations=7 (full 1):
 PSYoungGen      total 68608K, used 63488K [0x00000000d6c00000, 0x00000000dfc00000, 0x0000000100000000)
  eden space 63488K, 100% used [0x00000000d6c00000,0x00000000daa00000,0x00000000daa00000)
  from space 5120K, 0% used [0x00000000daa00000,0x00000000daa00000,0x00000000daf00000)
  to   space 10240K, 0% used [0x00000000df200000,0x00000000df200000,0x00000000dfc00000)
 ParOldGen       total 66560K, used 11712K [0x0000000084400000, 0x0000000088500000, 0x00000000d6c00000)
  object space 66560K, 17% used [0x0000000084400000,0x0000000084f70330,0x0000000088500000)
 Metaspace       used 23861K, capacity 24990K, committed 25216K, reserved 1071104K
  class space    used 3034K, capacity 3380K, committed 3456K, reserved 1048576K
Event: 11.638 GC heap after
Heap after GC invocations=7 (full 1):
 PSYoungGen      total 92160K, used 2999K [0x00000000d6c00000, 0x00000000df500000, 0x0000000100000000)
  eden space 89088K, 0% used [0x00000000d6c00000,0x00000000d6c00000,0x00000000dc300000)
  from space 3072K, 97% used [0x00000000df200000,0x00000000df4edc90,0x00000000df500000)
  to   space 10752K, 0% used [0x00000000de000000,0x00000000de000000,0x00000000dea80000)
 ParOldGen       total 66560K, used 11712K [0x0000000084400000, 0x0000000088500000, 0x00000000d6c00000)
  object space 66560K, 17% used [0x0000000084400000,0x0000000084f70330,0x0000000088500000)
 Metaspace       used 23861K, capacity 24990K, committed 25216K, reserved 1071104K
  class space    used 3034K, capacity 3380K, committed 3456K, reserved 1048576K
}
Event: 12.560 GC heap before
{Heap before GC invocations=8 (full 1):
 PSYoungGen      total 92160K, used 92087K [0x00000000d6c00000, 0x00000000df500000, 0x0000000100000000)
  eden space 89088K, 100% used [0x00000000d6c00000,0x00000000dc300000,0x00000000dc300000)
  from space 3072K, 97% used [0x00000000df200000,0x00000000df4edc90,0x00000000df500000)
  to   space 10752K, 0% used [0x00000000de000000,0x00000000de000000,0x00000000dea80000)
 ParOldGen       total 66560K, used 11712K [0x0000000084400000, 0x0000000088500000, 0x00000000d6c00000)
  object space 66560K, 17% used [0x0000000084400000,0x0000000084f70330,0x0000000088500000)
 Metaspace       used 26503K, capacity 27748K, committed 28032K, reserved 1073152K
  class space    used 3282K, capacity 3677K, committed 3712K, reserved 1048576K
Event: 12.570 GC heap after
Heap after GC invocations=8 (full 1):
 PSYoungGen      total 129536K, used 3924K [0x00000000d6c00000, 0x00000000df900000, 0x0000000100000000)
  eden space 118784K, 0% used [0x00000000d6c00000,0x00000000d6c00000,0x00000000de000000)
  from space 10752K, 36% used [0x00000000de000000,0x00000000de3d50a0,0x00000000dea80000)
  to   space 10752K, 0% used [0x00000000dee80000,0x00000000dee80000,0x00000000df900000)
 ParOldGen       total 66560K, used 11720K [0x0000000084400000, 0x0000000088500000, 0x00000000d6c00000)
  object space 66560K, 17% used [0x0000000084400000,0x0000000084f72330,0x0000000088500000)
 Metaspace       used 26503K, capacity 27748K, committed 28032K, reserved 1073152K
  class space    used 3282K, capacity 3677K, committed 3712K, reserved 1048576K
}

