-------------------------------------------------------------------------------
Test set: com.xhjc.plugin.AppTest
-------------------------------------------------------------------------------
Tests run: 1, Failures: 0, Errors: 1, Skipped: 0, Time elapsed: 0.009 s <<< FAILURE! - in com.xhjc.plugin.AppTest
test01(com.xhjc.plugin.AppTest)  Time elapsed: 0.008 s  <<< ERROR!
org.apache.ibatis.binding.BindingException: Type interface com.xhjc.plugin.dao.EmployeeMapper is not known to the MapperRegistry.
	at com.xhjc.plugin.AppTest.test01(AppTest.java:72)

