<?xml version="1.0" encoding="UTF-8"?>
<testsuite xmlns:xsi="http://www.w3.org/2001/XMLSchema-instance" xsi:noNamespaceSchemaLocation="https://maven.apache.org/surefire/maven-surefire-plugin/xsd/surefire-test-report.xsd" name="com.xhjc.plugin.AppTest" time="0.009" tests="1" errors="1" skipped="0" failures="0">
  <properties>
[...]
</properties>
  <testcase name="test01" classname="com.xhjc.plugin.AppTest" time="0.008">
    <error message="Type interface com.xhjc.plugin.dao.EmployeeMapper is not known to the MapperRegistry." type="org.apache.ibatis.binding.BindingException">org.apache.ibatis.binding.BindingException: Type interface com.xhjc.plugin.dao.EmployeeMapper is not known to the MapperRegistry.
	at com.xhjc.plugin.AppTest.test01(AppTest.java:72)
</error>
  </testcase>
</testsuite>