# JRE version: Java(TM) SE Runtime Environment (8.0_60-b27) (build 1.8.0_60-b27)
# Java VM: Java HotSpot(TM) 64-Bit Server VM (25.60-b23 mixed mode windows-amd64 compressed oops)
Heap:
 PSYoungGen      total 291840K, used 111409K [0x00000000d6c00000, 0x00000000e9c80000, 0x0000000100000000)
  eden space 278016K, 35% used [0x00000000d6c00000,0x00000000dcb4d208,0x00000000e7b80000)
  from space 13824K, 99% used [0x00000000e8b00000,0x00000000e987f450,0x00000000e9880000)
  to   space 15872K, 0% used [0x00000000e7b80000,0x00000000e7b80000,0x00000000e8b00000)
 ParOldGen       total 91648K, used 20895K [0x0000000084400000, 0x0000000089d80000, 0x00000000d6c00000)
  object space 91648K, 22% used [0x0000000084400000,0x0000000085867f78,0x0000000089d80000)
 Metaspace       used 53516K, capacity 55902K, committed 56064K, reserved 1097728K
  class space    used 6300K, capacity 6864K, committed 6912K, reserved 1048576K
GC Heap History (10 events):
Event: 19.456 GC heap before
{Heap before GC invocations=12 (full 2):
 PSYoungGen      total 189440K, used 5883K [0x00000000d6c00000, 0x00000000e3800000, 0x0000000100000000)
  eden space 178688K, 0% used [0x00000000d6c00000,0x00000000d6c00000,0x00000000e1a80000)
  from space 10752K, 54% used [0x00000000e2500000,0x00000000e2abee28,0x00000000e2f80000)
  to   space 10752K, 0% used [0x00000000e1a80000,0x00000000e1a80000,0x00000000e2500000)
 ParOldGen       total 64512K, used 11733K [0x0000000084400000, 0x0000000088300000, 0x00000000d6c00000)
  object space 64512K, 18% used [0x0000000084400000,0x0000000084f75658,0x0000000088300000)
 Metaspace       used 34009K, capacity 35234K, committed 35416K, reserved 1081344K
  class space    used 4141K, capacity 4547K, committed 4608K, reserved 1048576K
Event: 19.561 GC heap after
Heap after GC invocations=12 (full 2):
 PSYoungGen      total 189440K, used 0K [0x00000000d6c00000, 0x00000000e3800000, 0x0000000100000000)
  eden space 178688K, 0% used [0x00000000d6c00000,0x00000000d6c00000,0x00000000e1a80000)
  from space 10752K, 0% used [0x00000000e2500000,0x00000000e2500000,0x00000000e2f80000)
  to   space 10752K, 0% used [0x00000000e1a80000,0x00000000e1a80000,0x00000000e2500000)
 ParOldGen       total 91648K, used 16133K [0x0000000084400000, 0x0000000089d80000, 0x00000000d6c00000)
  object space 91648K, 17% used [0x0000000084400000,0x00000000853c16e0,0x0000000089d80000)
 Metaspace       used 34009K, capacity 35234K, committed 35416K, reserved 1081344K
  class space    used 4141K, capacity 4547K, committed 4608K, reserved 1048576K
}
Event: 23.036 GC heap before
{Heap before GC invocations=13 (full 2):
 PSYoungGen      total 189440K, used 178688K [0x00000000d6c00000, 0x00000000e3800000, 0x0000000100000000)
  eden space 178688K, 100% used [0x00000000d6c00000,0x00000000e1a80000,0x00000000e1a80000)
  from space 10752K, 0% used [0x00000000e2500000,0x00000000e2500000,0x00000000e2f80000)
  to   space 10752K, 0% used [0x00000000e1a80000,0x00000000e1a80000,0x00000000e2500000)
 ParOldGen       total 91648K, used 16133K [0x0000000084400000, 0x0000000089d80000, 0x00000000d6c00000)
  object space 91648K, 17% used [0x0000000084400000,0x00000000853c16e0,0x0000000089d80000)
 Metaspace       used 38902K, capacity 40130K, committed 40320K, reserved 1085440K
  class space    used 4731K, capacity 5142K, committed 5248K, reserved 1048576K
Event: 23.049 GC heap after
Heap after GC invocations=13 (full 2):
 PSYoungGen      total 189440K, used 6236K [0x00000000d6c00000, 0x00000000e5e00000, 0x0000000100000000)
  eden space 178688K, 0% used [0x00000000d6c00000,0x00000000d6c00000,0x00000000e1a80000)
  from space 10752K, 58% used [0x00000000e1a80000,0x00000000e2097230,0x00000000e2500000)
  to   space 10240K, 0% used [0x00000000e5400000,0x00000000e5400000,0x00000000e5e00000)
 ParOldGen       total 91648K, used 16141K [0x0000000084400000, 0x0000000089d80000, 0x00000000d6c00000)
  object space 91648K, 17% used [0x0000000084400000,0x00000000853c36e0,0x0000000089d80000)
 Metaspace       used 38902K, capacity 40130K, committed 40320K, reserved 1085440K
  class space    used 4731K, capacity 5142K, committed 5248K, reserved 1048576K
}
Event: 27.437 GC heap before
{Heap before GC invocations=14 (full 2):
 PSYoungGen      total 189440K, used 184924K [0x00000000d6c00000, 0x00000000e5e00000, 0x0000000100000000)
  eden space 178688K, 100% used [0x00000000d6c00000,0x00000000e1a80000,0x00000000e1a80000)
  from space 10752K, 58% used [0x00000000e1a80000,0x00000000e2097230,0x00000000e2500000)
  to   space 10240K, 0% used [0x00000000e5400000,0x00000000e5400000,0x00000000e5e00000)
 ParOldGen       total 91648K, used 16141K [0x0000000084400000, 0x0000000089d80000, 0x00000000d6c00000)
  object space 91648K, 17% used [0x0000000084400000,0x00000000853c36e0,0x0000000089d80000)
 Metaspace       used 42958K, capacity 44940K, committed 45056K, reserved 1089536K
  class space    used 5108K, capacity 5589K, committed 5632K, reserved 1048576K
Event: 27.469 GC heap after
Heap after GC invocations=14 (full 2):
 PSYoungGen      total 234496K, used 9752K [0x00000000d6c00000, 0x00000000e5e00000, 0x0000000100000000)
  eden space 224256K, 0% used [0x00000000d6c00000,0x00000000d6c00000,0x00000000e4700000)
  from space 10240K, 95% used [0x00000000e5400000,0x00000000e5d863b8,0x00000000e5e00000)
  to   space 11264K, 0% used [0x00000000e4800000,0x00000000e4800000,0x00000000e5300000)
 ParOldGen       total 91648K, used 16149K [0x0000000084400000, 0x0000000089d80000, 0x00000000d6c00000)
  object space 91648K, 17% used [0x0000000084400000,0x00000000853c56e0,0x0000000089d80000)
 Metaspace       used 42958K, capacity 44940K, committed 45056K, reserved 1089536K
  class space    used 5108K, capacity 5589K, committed 5632K, reserved 1048576K
}
Event: 31.455 GC heap before
{Heap before GC invocations=15 (full 2):
 PSYoungGen      total 234496K, used 234008K [0x00000000d6c00000, 0x00000000e5e00000, 0x0000000100000000)
  eden space 224256K, 100% used [0x00000000d6c00000,0x00000000e4700000,0x00000000e4700000)
  from space 10240K, 95% used [0x00000000e5400000,0x00000000e5d863b8,0x00000000e5e00000)
  to   space 11264K, 0% used [0x00000000e4800000,0x00000000e4800000,0x00000000e5300000)
 ParOldGen       total 91648K, used 16149K [0x0000000084400000, 0x0000000089d80000, 0x00000000d6c00000)
  object space 91648K, 17% used [0x0000000084400000,0x00000000853c56e0,0x0000000089d80000)
 Metaspace       used 46521K, capacity 48678K, committed 48896K, reserved 1091584K
  class space    used 5535K, capacity 6062K, committed 6144K, reserved 1048576K
Event: 31.496 GC heap after
Heap after GC invocations=15 (full 2):
 PSYoungGen      total 236544K, used 11257K [0x00000000d6c00000, 0x00000000e9880000, 0x0000000100000000)
  eden space 225280K, 0% used [0x00000000d6c00000,0x00000000d6c00000,0x00000000e4800000)
  from space 11264K, 99% used [0x00000000e4800000,0x00000000e52fe630,0x00000000e5300000)
  to   space 13824K, 0% used [0x00000000e8b00000,0x00000000e8b00000,0x00000000e9880000)
 ParOldGen       total 91648K, used 19594K [0x0000000084400000, 0x0000000089d80000, 0x00000000d6c00000)
  object space 91648K, 21% used [0x0000000084400000,0x0000000085722ab8,0x0000000089d80000)
 Metaspace       used 46521K, capacity 48678K, committed 48896K, reserved 1091584K
  class space    used 5535K, capacity 6062K, committed 6144K, reserved 1048576K
}
Event: 34.111 GC heap before
{Heap before GC invocations=16 (full 2):
 PSYoungGen      total 236544K, used 236537K [0x00000000d6c00000, 0x00000000e9880000, 0x0000000100000000)
  eden space 225280K, 100% used [0x00000000d6c00000,0x00000000e4800000,0x00000000e4800000)
  from space 11264K, 99% used [0x00000000e4800000,0x00000000e52fe630,0x00000000e5300000)
  to   space 13824K, 0% used [0x00000000e8b00000,0x00000000e8b00000,0x00000000e9880000)
 ParOldGen       total 91648K, used 19594K [0x0000000084400000, 0x0000000089d80000, 0x00000000d6c00000)
  object space 91648K, 21% used [0x0000000084400000,0x0000000085722ab8,0x0000000089d80000)
 Metaspace       used 51312K, capacity 53480K, committed 53760K, reserved 1095680K
  class space    used 5996K, capacity 6531K, committed 6656K, reserved 1048576K
Event: 34.138 GC heap after
Heap after GC invocations=16 (full 2):
 PSYoungGen      total 291840K, used 13821K [0x00000000d6c00000, 0x00000000e9c80000, 0x0000000100000000)
  eden space 278016K, 0% used [0x00000000d6c00000,0x00000000d6c00000,0x00000000e7b80000)
  from space 13824K, 99% used [0x00000000e8b00000,0x00000000e987f450,0x00000000e9880000)
  to   space 15872K, 0% used [0x00000000e7b80000,0x00000000e7b80000,0x00000000e8b00000)
 ParOldGen       total 91648K, used 20895K [0x0000000084400000, 0x0000000089d80000, 0x00000000d6c00000)
  object space 91648K, 22% used [0x0000000084400000,0x0000000085867f78,0x0000000089d80000)
 Metaspace       used 51312K, capacity 53480K, committed 53760K, reserved 1095680K
  class space    used 5996K, capacity 6531K, committed 6656K, reserved 1048576K
}

