# JRE version: Java(TM) SE Runtime Environment (8.0_60-b27) (build 1.8.0_60-b27)
# Java VM: Java HotSpot(TM) 64-Bit Server VM (25.60-b23 mixed mode windows-amd64 compressed oops)
Heap:
 PSYoungGen      total 522240K, used 162446K [0x00000000d6c00000, 0x00000000f9480000, 0x0000000100000000)
  eden space 494080K, 31% used [0x00000000d6c00000,0x00000000e0297190,0x00000000f4e80000)
  from space 28160K, 29% used [0x00000000f7900000,0x00000000f810c670,0x00000000f9480000)
  to   space 35840K, 0% used [0x00000000f4e80000,0x00000000f4e80000,0x00000000f7180000)
 ParOldGen       total 154624K, used 58243K [0x0000000084400000, 0x000000008db00000, 0x00000000d6c00000)
  object space 154624K, 37% used [0x0000000084400000,0x0000000087ce0f00,0x000000008db00000)
 Metaspace       used 65438K, capacity 67752K, committed 68096K, reserved 1110016K
  class space    used 7558K, capacity 8099K, committed 8192K, reserved 1048576K
GC Heap History (10 events):
Event: 34.950 GC heap before
{Heap before GC invocations=17 (full 2):
 PSYoungGen      total 319488K, used 319222K [0x00000000d6c00000, 0x00000000eb880000, 0x0000000100000000)
  eden space 303616K, 100% used [0x00000000d6c00000,0x00000000e9480000,0x00000000e9480000)
  from space 15872K, 98% used [0x00000000ea900000,0x00000000eb83db50,0x00000000eb880000)
  to   space 17920K, 0% used [0x00000000e9580000,0x00000000e9580000,0x00000000ea700000)
 ParOldGen       total 90112K, used 18049K [0x0000000084400000, 0x0000000089c00000, 0x00000000d6c00000)
  object space 90112K, 20% used [0x0000000084400000,0x00000000855a0438,0x0000000089c00000)
 Metaspace       used 53587K, capacity 55826K, committed 56064K, reserved 1097728K
  class space    used 6303K, capacity 6862K, committed 6912K, reserved 1048576K
Event: 35.046 GC heap after
Heap after GC invocations=17 (full 2):
 PSYoungGen      total 322560K, used 17902K [0x00000000d6c00000, 0x00000000f3200000, 0x0000000100000000)
  eden space 304640K, 0% used [0x00000000d6c00000,0x00000000d6c00000,0x00000000e9580000)
  from space 17920K, 99% used [0x00000000e9580000,0x00000000ea6fb9f8,0x00000000ea700000)
  to   space 32256K, 0% used [0x00000000f1280000,0x00000000f1280000,0x00000000f3200000)
 ParOldGen       total 90112K, used 51073K [0x0000000084400000, 0x0000000089c00000, 0x00000000d6c00000)
  object space 90112K, 56% used [0x0000000084400000,0x00000000875e0550,0x0000000089c00000)
 Metaspace       used 53587K, capacity 55826K, committed 56064K, reserved 1097728K
  class space    used 6303K, capacity 6862K, committed 6912K, reserved 1048576K
}
Event: 38.061 GC heap before
{Heap before GC invocations=18 (full 2):
 PSYoungGen      total 322560K, used 322542K [0x00000000d6c00000, 0x00000000f3200000, 0x0000000100000000)
  eden space 304640K, 100% used [0x00000000d6c00000,0x00000000e9580000,0x00000000e9580000)
  from space 17920K, 99% used [0x00000000e9580000,0x00000000ea6fb9f8,0x00000000ea700000)
  to   space 32256K, 0% used [0x00000000f1280000,0x00000000f1280000,0x00000000f3200000)
 ParOldGen       total 90112K, used 51073K [0x0000000084400000, 0x0000000089c00000, 0x00000000d6c00000)
  object space 90112K, 56% used [0x0000000084400000,0x00000000875e0550,0x0000000089c00000)
 Metaspace       used 56480K, capacity 58698K, committed 58880K, reserved 1101824K
  class space    used 6627K, capacity 7156K, committed 7168K, reserved 1048576K
Event: 38.099 GC heap after
Heap after GC invocations=18 (full 2):
 PSYoungGen      total 425984K, used 32243K [0x00000000d6c00000, 0x00000000f3d80000, 0x0000000100000000)
  eden space 393728K, 0% used [0x00000000d6c00000,0x00000000d6c00000,0x00000000eec80000)
  from space 32256K, 99% used [0x00000000f1280000,0x00000000f31fcc88,0x00000000f3200000)
  to   space 38912K, 0% used [0x00000000eec80000,0x00000000eec80000,0x00000000f1280000)
 ParOldGen       total 90112K, used 54239K [0x0000000084400000, 0x0000000089c00000, 0x00000000d6c00000)
  object space 90112K, 60% used [0x0000000084400000,0x00000000878f7ca0,0x0000000089c00000)
 Metaspace       used 56480K, capacity 58698K, committed 58880K, reserved 1101824K
  class space    used 6627K, capacity 7156K, committed 7168K, reserved 1048576K
}
Event: 38.371 GC heap before
{Heap before GC invocations=19 (full 2):
 PSYoungGen      total 425984K, used 63915K [0x00000000d6c00000, 0x00000000f3d80000, 0x0000000100000000)
  eden space 393728K, 8% used [0x00000000d6c00000,0x00000000d8aee090,0x00000000eec80000)
  from space 32256K, 99% used [0x00000000f1280000,0x00000000f31fcc88,0x00000000f3200000)
  to   space 38912K, 0% used [0x00000000eec80000,0x00000000eec80000,0x00000000f1280000)
 ParOldGen       total 90112K, used 54239K [0x0000000084400000, 0x0000000089c00000, 0x00000000d6c00000)
  object space 90112K, 60% used [0x0000000084400000,0x00000000878f7ca0,0x0000000089c00000)
 Metaspace       used 56575K, capacity 58794K, committed 59008K, reserved 1101824K
  class space    used 6630K, capacity 7188K, committed 7296K, reserved 1048576K
Event: 38.393 GC heap after
Heap after GC invocations=19 (full 2):
 PSYoungGen      total 432640K, used 13027K [0x00000000d6c00000, 0x00000000f9d00000, 0x0000000100000000)
  eden space 393728K, 0% used [0x00000000d6c00000,0x00000000d6c00000,0x00000000eec80000)
  from space 38912K, 33% used [0x00000000eec80000,0x00000000ef938db0,0x00000000f1280000)
  to   space 36864K, 0% used [0x00000000f7900000,0x00000000f7900000,0x00000000f9d00000)
 ParOldGen       total 90112K, used 59469K [0x0000000084400000, 0x0000000089c00000, 0x00000000d6c00000)
  object space 90112K, 65% used [0x0000000084400000,0x0000000087e13510,0x0000000089c00000)
 Metaspace       used 56575K, capacity 58794K, committed 59008K, reserved 1101824K
  class space    used 6630K, capacity 7188K, committed 7296K, reserved 1048576K
}
Event: 38.393 GC heap before
{Heap before GC invocations=20 (full 3):
 PSYoungGen      total 432640K, used 13027K [0x00000000d6c00000, 0x00000000f9d00000, 0x0000000100000000)
  eden space 393728K, 0% used [0x00000000d6c00000,0x00000000d6c00000,0x00000000eec80000)
  from space 38912K, 33% used [0x00000000eec80000,0x00000000ef938db0,0x00000000f1280000)
  to   space 36864K, 0% used [0x00000000f7900000,0x00000000f7900000,0x00000000f9d00000)
 ParOldGen       total 90112K, used 59469K [0x0000000084400000, 0x0000000089c00000, 0x00000000d6c00000)
  object space 90112K, 65% used [0x0000000084400000,0x0000000087e13510,0x0000000089c00000)
 Metaspace       used 56575K, capacity 58794K, committed 59008K, reserved 1101824K
  class space    used 6630K, capacity 7188K, committed 7296K, reserved 1048576K
Event: 38.656 GC heap after
Heap after GC invocations=20 (full 3):
 PSYoungGen      total 432640K, used 0K [0x00000000d6c00000, 0x00000000f9d00000, 0x0000000100000000)
  eden space 393728K, 0% used [0x00000000d6c00000,0x00000000d6c00000,0x00000000eec80000)
  from space 38912K, 0% used [0x00000000eec80000,0x00000000eec80000,0x00000000f1280000)
  to   space 36864K, 0% used [0x00000000f7900000,0x00000000f7900000,0x00000000f9d00000)
 ParOldGen       total 154624K, used 58235K [0x0000000084400000, 0x000000008db00000, 0x00000000d6c00000)
  object space 154624K, 37% used [0x0000000084400000,0x0000000087cdef00,0x000000008db00000)
 Metaspace       used 56575K, capacity 58794K, committed 59008K, reserved 1101824K
  class space    used 6630K, capacity 7188K, committed 7296K, reserved 1048576K
}
Event: 41.845 GC heap before
{Heap before GC invocations=21 (full 3):
 PSYoungGen      total 432640K, used 393728K [0x00000000d6c00000, 0x00000000f9d00000, 0x0000000100000000)
  eden space 393728K, 100% used [0x00000000d6c00000,0x00000000eec80000,0x00000000eec80000)
  from space 38912K, 0% used [0x00000000eec80000,0x00000000eec80000,0x00000000f1280000)
  to   space 36864K, 0% used [0x00000000f7900000,0x00000000f7900000,0x00000000f9d00000)
 ParOldGen       total 154624K, used 58235K [0x0000000084400000, 0x000000008db00000, 0x00000000d6c00000)
  object space 154624K, 37% used [0x0000000084400000,0x0000000087cdef00,0x000000008db00000)
 Metaspace       used 62873K, capacity 65168K, committed 65536K, reserved 1107968K
  class space    used 7295K, capacity 7861K, committed 7936K, reserved 1048576K
Event: 41.879 GC heap after
Heap after GC invocations=21 (full 3):
 PSYoungGen      total 522240K, used 8241K [0x00000000d6c00000, 0x00000000f9480000, 0x0000000100000000)
  eden space 494080K, 0% used [0x00000000d6c00000,0x00000000d6c00000,0x00000000f4e80000)
  from space 28160K, 29% used [0x00000000f7900000,0x00000000f810c670,0x00000000f9480000)
  to   space 35840K, 0% used [0x00000000f4e80000,0x00000000f4e80000,0x00000000f7180000)
 ParOldGen       total 154624K, used 58243K [0x0000000084400000, 0x000000008db00000, 0x00000000d6c00000)
  object space 154624K, 37% used [0x0000000084400000,0x0000000087ce0f00,0x000000008db00000)
 Metaspace       used 62873K, capacity 65168K, committed 65536K, reserved 1107968K
  class space    used 7295K, capacity 7861K, committed 7936K, reserved 1048576K
}

