# JRE version: Java(TM) SE Runtime Environment (8.0_60-b27) (build 1.8.0_60-b27)
# Java VM: Java HotSpot(TM) 64-Bit Server VM (25.60-b23 mixed mode windows-amd64 compressed oops)
Heap:
 PSYoungGen      total 198144K, used 140181K [0x00000000d6c00000, 0x00000000e6c00000, 0x0000000100000000)
  eden space 186880K, 68% used [0x00000000d6c00000,0x00000000de9e9f50,0x00000000e2280000)
  from space 11264K, 99% used [0x00000000e2280000,0x00000000e2d7b708,0x00000000e2d80000)
  to   space 12288K, 0% used [0x00000000e6000000,0x00000000e6000000,0x00000000e6c00000)
 ParOldGen       total 65024K, used 13027K [0x0000000084400000, 0x0000000088380000, 0x00000000d6c00000)
  object space 65024K, 20% used [0x0000000084400000,0x00000000850b8d50,0x0000000088380000)
 Metaspace       used 23999K, capacity 25162K, committed 25472K, reserved 1071104K
  class space    used 3449K, capacity 3885K, committed 3968K, reserved 1048576K
GC Heap History (10 events):
Event: 4.139 GC heap before
{Heap before GC invocations=6 (full 1):
 PSYoungGen      total 95744K, used 95733K [0x00000000d6c00000, 0x00000000df200000, 0x0000000100000000)
  eden space 90624K, 100% used [0x00000000d6c00000,0x00000000dc480000,0x00000000dc480000)
  from space 5120K, 99% used [0x00000000ded00000,0x00000000df1fd658,0x00000000df200000)
  to   space 5120K, 0% used [0x00000000de800000,0x00000000de800000,0x00000000ded00000)
 ParOldGen       total 65024K, used 12413K [0x0000000084400000, 0x0000000088380000, 0x00000000d6c00000)
  object space 65024K, 19% used [0x0000000084400000,0x000000008501f568,0x0000000088380000)
 Metaspace       used 23494K, capacity 24650K, committed 24832K, reserved 1071104K
  class space    used 3408K, capacity 3821K, committed 3840K, reserved 1048576K
Event: 4.153 GC heap after
Heap after GC invocations=6 (full 1):
 PSYoungGen      total 132096K, used 4116K [0x00000000d6c00000, 0x00000000e0100000, 0x0000000100000000)
  eden space 126976K, 0% used [0x00000000d6c00000,0x00000000d6c00000,0x00000000de800000)
  from space 5120K, 80% used [0x00000000de800000,0x00000000dec05100,0x00000000ded00000)
  to   space 10752K, 0% used [0x00000000df680000,0x00000000df680000,0x00000000e0100000)
 ParOldGen       total 65024K, used 12421K [0x0000000084400000, 0x0000000088380000, 0x00000000d6c00000)
  object space 65024K, 19% used [0x0000000084400000,0x0000000085021568,0x0000000088380000)
 Metaspace       used 23494K, capacity 24650K, committed 24832K, reserved 1071104K
  class space    used 3408K, capacity 3821K, committed 3840K, reserved 1048576K
}
Event: 4.748 GC heap before
{Heap before GC invocations=7 (full 1):
 PSYoungGen      total 132096K, used 129529K [0x00000000d6c00000, 0x00000000e0100000, 0x0000000100000000)
  eden space 126976K, 98% used [0x00000000d6c00000,0x00000000de6796d8,0x00000000de800000)
  from space 5120K, 80% used [0x00000000de800000,0x00000000dec05100,0x00000000ded00000)
  to   space 10752K, 0% used [0x00000000df680000,0x00000000df680000,0x00000000e0100000)
 ParOldGen       total 65024K, used 12421K [0x0000000084400000, 0x0000000088380000, 0x00000000d6c00000)
  object space 65024K, 19% used [0x0000000084400000,0x0000000085021568,0x0000000088380000)
 Metaspace       used 23713K, capacity 24874K, committed 25216K, reserved 1071104K
  class space    used 3415K, capacity 3853K, committed 3968K, reserved 1048576K
Event: 4.762 GC heap after
Heap after GC invocations=7 (full 1):
 PSYoungGen      total 142336K, used 6928K [0x00000000d6c00000, 0x00000000e3500000, 0x0000000100000000)
  eden space 131584K, 0% used [0x00000000d6c00000,0x00000000d6c00000,0x00000000dec80000)
  from space 10752K, 64% used [0x00000000df680000,0x00000000dfd44108,0x00000000e0100000)
  to   space 10240K, 0% used [0x00000000dec80000,0x00000000dec80000,0x00000000df680000)
 ParOldGen       total 65024K, used 12429K [0x0000000084400000, 0x0000000088380000, 0x00000000d6c00000)
  object space 65024K, 19% used [0x0000000084400000,0x0000000085023568,0x0000000088380000)
 Metaspace       used 23713K, capacity 24874K, committed 25216K, reserved 1071104K
  class space    used 3415K, capacity 3853K, committed 3968K, reserved 1048576K
}
Event: 5.740 GC heap before
{Heap before GC invocations=8 (full 1):
 PSYoungGen      total 142336K, used 138512K [0x00000000d6c00000, 0x00000000e3500000, 0x0000000100000000)
  eden space 131584K, 100% used [0x00000000d6c00000,0x00000000dec80000,0x00000000dec80000)
  from space 10752K, 64% used [0x00000000df680000,0x00000000dfd44108,0x00000000e0100000)
  to   space 10240K, 0% used [0x00000000dec80000,0x00000000dec80000,0x00000000df680000)
 ParOldGen       total 65024K, used 12592K [0x0000000084400000, 0x0000000088380000, 0x00000000d6c00000)
  object space 65024K, 19% used [0x0000000084400000,0x000000008504c148,0x0000000088380000)
 Metaspace       used 23745K, capacity 24874K, committed 25216K, reserved 1071104K
  class space    used 3416K, capacity 3853K, committed 3968K, reserved 1048576K
Event: 5.750 GC heap after
Heap after GC invocations=8 (full 1):
 PSYoungGen      total 141824K, used 8693K [0x00000000d6c00000, 0x00000000e3800000, 0x0000000100000000)
  eden space 131584K, 0% used [0x00000000d6c00000,0x00000000d6c00000,0x00000000dec80000)
  from space 10240K, 84% used [0x00000000dec80000,0x00000000df4fd650,0x00000000df680000)
  to   space 10752K, 0% used [0x00000000e2d80000,0x00000000e2d80000,0x00000000e3800000)
 ParOldGen       total 65024K, used 12592K [0x0000000084400000, 0x0000000088380000, 0x00000000d6c00000)
  object space 65024K, 19% used [0x0000000084400000,0x000000008504c148,0x0000000088380000)
 Metaspace       used 23745K, capacity 24874K, committed 25216K, reserved 1071104K
  class space    used 3416K, capacity 3853K, committed 3968K, reserved 1048576K
}
Event: 6.172 GC heap before
{Heap before GC invocations=9 (full 1):
 PSYoungGen      total 141824K, used 140277K [0x00000000d6c00000, 0x00000000e3800000, 0x0000000100000000)
  eden space 131584K, 100% used [0x00000000d6c00000,0x00000000dec80000,0x00000000dec80000)
  from space 10240K, 84% used [0x00000000dec80000,0x00000000df4fd650,0x00000000df680000)
  to   space 10752K, 0% used [0x00000000e2d80000,0x00000000e2d80000,0x00000000e3800000)
 ParOldGen       total 65024K, used 12595K [0x0000000084400000, 0x0000000088380000, 0x00000000d6c00000)
  object space 65024K, 19% used [0x0000000084400000,0x000000008504ce38,0x0000000088380000)
 Metaspace       used 23759K, capacity 24938K, committed 25216K, reserved 1071104K
  class space    used 3417K, capacity 3853K, committed 3968K, reserved 1048576K
Event: 6.184 GC heap after
Heap after GC invocations=9 (full 1):
 PSYoungGen      total 197632K, used 9252K [0x00000000d6c00000, 0x00000000e3e00000, 0x0000000100000000)
  eden space 186880K, 0% used [0x00000000d6c00000,0x00000000d6c00000,0x00000000e2280000)
  from space 10752K, 86% used [0x00000000e2d80000,0x00000000e36893f0,0x00000000e3800000)
  to   space 11264K, 0% used [0x00000000e2280000,0x00000000e2280000,0x00000000e2d80000)
 ParOldGen       total 65024K, used 12603K [0x0000000084400000, 0x0000000088380000, 0x00000000d6c00000)
  object space 65024K, 19% used [0x0000000084400000,0x000000008504ee38,0x0000000088380000)
 Metaspace       used 23759K, capacity 24938K, committed 25216K, reserved 1071104K
  class space    used 3417K, capacity 3853K, committed 3968K, reserved 1048576K
}
Event: 6.814 GC heap before
{Heap before GC invocations=10 (full 1):
 PSYoungGen      total 197632K, used 196132K [0x00000000d6c00000, 0x00000000e3e00000, 0x0000000100000000)
  eden space 186880K, 100% used [0x00000000d6c00000,0x00000000e2280000,0x00000000e2280000)
  from space 10752K, 86% used [0x00000000e2d80000,0x00000000e36893f0,0x00000000e3800000)
  to   space 11264K, 0% used [0x00000000e2280000,0x00000000e2280000,0x00000000e2d80000)
 ParOldGen       total 65024K, used 12603K [0x0000000084400000, 0x0000000088380000, 0x00000000d6c00000)
  object space 65024K, 19% used [0x0000000084400000,0x000000008504ee50,0x0000000088380000)
 Metaspace       used 23970K, capacity 25130K, committed 25472K, reserved 1071104K
  class space    used 3442K, capacity 3853K, committed 3968K, reserved 1048576K
Event: 6.825 GC heap after
Heap after GC invocations=10 (full 1):
 PSYoungGen      total 198144K, used 11245K [0x00000000d6c00000, 0x00000000e6c00000, 0x0000000100000000)
  eden space 186880K, 0% used [0x00000000d6c00000,0x00000000d6c00000,0x00000000e2280000)
  from space 11264K, 99% used [0x00000000e2280000,0x00000000e2d7b708,0x00000000e2d80000)
  to   space 12288K, 0% used [0x00000000e6000000,0x00000000e6000000,0x00000000e6c00000)
 ParOldGen       total 65024K, used 13027K [0x0000000084400000, 0x0000000088380000, 0x00000000d6c00000)
  object space 65024K, 20% used [0x0000000084400000,0x00000000850b8d50,0x0000000088380000)
 Metaspace       used 23970K, capacity 25130K, committed 25472K, reserved 1071104K
  class space    used 3442K, capacity 3853K, committed 3968K, reserved 1048576K
}

