# JRE version: Java(TM) SE Runtime Environment (8.0_60-b27) (build 1.8.0_60-b27)
# Java VM: Java HotSpot(TM) 64-Bit Server VM (25.60-b23 mixed mode windows-amd64 compressed oops)
Heap:
 PSYoungGen      total 176640K, used 31504K [0x00000000d6c00000, 0x00000000e2800000, 0x0000000100000000)
  eden space 165376K, 19% used [0x00000000d6c00000,0x00000000d8ac4348,0x00000000e0d80000)
  from space 11264K, 0% used [0x00000000e1800000,0x00000000e1800000,0x00000000e2300000)
  to   space 10752K, 0% used [0x00000000e0d80000,0x00000000e0d80000,0x00000000e1800000)
 ParOldGen       total 64512K, used 16296K [0x0000000084400000, 0x0000000088300000, 0x00000000d6c00000)
  object space 64512K, 25% used [0x0000000084400000,0x00000000853ea370,0x0000000088300000)
 Metaspace       used 34784K, capacity 36076K, committed 36312K, reserved 1081344K
  class space    used 4251K, capacity 4681K, committed 4736K, reserved 1048576K
GC Heap History (10 events):
Event: 13.549 GC heap before
{Heap before GC invocations=8 (full 1):
 PSYoungGen      total 95744K, used 95700K [0x00000000d6c00000, 0x00000000df480000, 0x0000000100000000)
  eden space 92672K, 100% used [0x00000000d6c00000,0x00000000dc680000,0x00000000dc680000)
  from space 3072K, 98% used [0x00000000df180000,0x00000000df475088,0x00000000df480000)
  to   space 10240K, 0% used [0x00000000de080000,0x00000000de080000,0x00000000dea80000)
 ParOldGen       total 64512K, used 11685K [0x0000000084400000, 0x0000000088300000, 0x00000000d6c00000)
  object space 64512K, 18% used [0x0000000084400000,0x0000000084f694c0,0x0000000088300000)
 Metaspace       used 26656K, capacity 27876K, committed 28032K, reserved 1073152K
  class space    used 3304K, capacity 3677K, committed 3712K, reserved 1048576K
Event: 13.558 GC heap after
Heap after GC invocations=8 (full 1):
 PSYoungGen      total 129536K, used 4457K [0x00000000d6c00000, 0x00000000e0180000, 0x0000000100000000)
  eden space 119296K, 0% used [0x00000000d6c00000,0x00000000d6c00000,0x00000000de080000)
  from space 10240K, 43% used [0x00000000de080000,0x00000000de4da418,0x00000000dea80000)
  to   space 10240K, 0% used [0x00000000df780000,0x00000000df780000,0x00000000e0180000)
 ParOldGen       total 64512K, used 11693K [0x0000000084400000, 0x0000000088300000, 0x00000000d6c00000)
  object space 64512K, 18% used [0x0000000084400000,0x0000000084f6b4c0,0x0000000088300000)
 Metaspace       used 26656K, capacity 27876K, committed 28032K, reserved 1073152K
  class space    used 3304K, capacity 3677K, committed 3712K, reserved 1048576K
}
Event: 15.485 GC heap before
{Heap before GC invocations=9 (full 1):
 PSYoungGen      total 129536K, used 123753K [0x00000000d6c00000, 0x00000000e0180000, 0x0000000100000000)
  eden space 119296K, 100% used [0x00000000d6c00000,0x00000000de080000,0x00000000de080000)
  from space 10240K, 43% used [0x00000000de080000,0x00000000de4da418,0x00000000dea80000)
  to   space 10240K, 0% used [0x00000000df780000,0x00000000df780000,0x00000000e0180000)
 ParOldGen       total 64512K, used 11693K [0x0000000084400000, 0x0000000088300000, 0x00000000d6c00000)
  object space 64512K, 18% used [0x0000000084400000,0x0000000084f6b4c0,0x0000000088300000)
 Metaspace       used 30256K, capacity 31402K, committed 31488K, reserved 1077248K
  class space    used 3682K, capacity 4062K, committed 4096K, reserved 1048576K
Event: 15.497 GC heap after
Heap after GC invocations=9 (full 1):
 PSYoungGen      total 143360K, used 5541K [0x00000000d6c00000, 0x00000000e2180000, 0x0000000100000000)
  eden space 133120K, 0% used [0x00000000d6c00000,0x00000000d6c00000,0x00000000dee00000)
  from space 10240K, 54% used [0x00000000df780000,0x00000000dfce9490,0x00000000e0180000)
  to   space 9728K, 0% used [0x00000000dee00000,0x00000000dee00000,0x00000000df780000)
 ParOldGen       total 64512K, used 11701K [0x0000000084400000, 0x0000000088300000, 0x00000000d6c00000)
  object space 64512K, 18% used [0x0000000084400000,0x0000000084f6d4c0,0x0000000088300000)
 Metaspace       used 30256K, capacity 31402K, committed 31488K, reserved 1077248K
  class space    used 3682K, capacity 4062K, committed 4096K, reserved 1048576K
}
Event: 17.018 GC heap before
{Heap before GC invocations=10 (full 1):
 PSYoungGen      total 143360K, used 138661K [0x00000000d6c00000, 0x00000000e2180000, 0x0000000100000000)
  eden space 133120K, 100% used [0x00000000d6c00000,0x00000000dee00000,0x00000000dee00000)
  from space 10240K, 54% used [0x00000000df780000,0x00000000dfce9490,0x00000000e0180000)
  to   space 9728K, 0% used [0x00000000dee00000,0x00000000dee00000,0x00000000df780000)
 ParOldGen       total 64512K, used 11701K [0x0000000084400000, 0x0000000088300000, 0x00000000d6c00000)
  object space 64512K, 18% used [0x0000000084400000,0x0000000084f6d4c0,0x0000000088300000)
 Metaspace       used 32994K, capacity 34198K, committed 34432K, reserved 1079296K
  class space    used 4024K, capacity 4416K, committed 4480K, reserved 1048576K
Event: 17.036 GC heap after
Heap after GC invocations=10 (full 1):
 PSYoungGen      total 142848K, used 9714K [0x00000000d6c00000, 0x00000000e2300000, 0x0000000100000000)
  eden space 133120K, 0% used [0x00000000d6c00000,0x00000000d6c00000,0x00000000dee00000)
  from space 9728K, 99% used [0x00000000dee00000,0x00000000df77ca20,0x00000000df780000)
  to   space 11264K, 0% used [0x00000000e1800000,0x00000000e1800000,0x00000000e2300000)
 ParOldGen       total 64512K, used 12400K [0x0000000084400000, 0x0000000088300000, 0x00000000d6c00000)
  object space 64512K, 19% used [0x0000000084400000,0x000000008501c100,0x0000000088300000)
 Metaspace       used 32994K, capacity 34198K, committed 34432K, reserved 1079296K
  class space    used 4024K, capacity 4416K, committed 4480K, reserved 1048576K
}
Event: 17.487 GC heap before
{Heap before GC invocations=11 (full 1):
 PSYoungGen      total 142848K, used 67890K [0x00000000d6c00000, 0x00000000e2300000, 0x0000000100000000)
  eden space 133120K, 43% used [0x00000000d6c00000,0x00000000da4d0158,0x00000000dee00000)
  from space 9728K, 99% used [0x00000000dee00000,0x00000000df77ca20,0x00000000df780000)
  to   space 11264K, 0% used [0x00000000e1800000,0x00000000e1800000,0x00000000e2300000)
 ParOldGen       total 64512K, used 12400K [0x0000000084400000, 0x0000000088300000, 0x00000000d6c00000)
  object space 64512K, 19% used [0x0000000084400000,0x000000008501c100,0x0000000088300000)
 Metaspace       used 34005K, capacity 35206K, committed 35416K, reserved 1081344K
  class space    used 4137K, capacity 4519K, committed 4608K, reserved 1048576K
Event: 17.500 GC heap after
Heap after GC invocations=11 (full 1):
 PSYoungGen      total 176640K, used 5898K [0x00000000d6c00000, 0x00000000e2800000, 0x0000000100000000)
  eden space 165376K, 0% used [0x00000000d6c00000,0x00000000d6c00000,0x00000000e0d80000)
  from space 11264K, 52% used [0x00000000e1800000,0x00000000e1dc2888,0x00000000e2300000)
  to   space 10752K, 0% used [0x00000000e0d80000,0x00000000e0d80000,0x00000000e1800000)
 ParOldGen       total 64512K, used 12408K [0x0000000084400000, 0x0000000088300000, 0x00000000d6c00000)
  object space 64512K, 19% used [0x0000000084400000,0x000000008501e100,0x0000000088300000)
 Metaspace       used 34005K, capacity 35206K, committed 35416K, reserved 1081344K
  class space    used 4137K, capacity 4519K, committed 4608K, reserved 1048576K
}
Event: 17.500 GC heap before
{Heap before GC invocations=12 (full 2):
 PSYoungGen      total 176640K, used 5898K [0x00000000d6c00000, 0x00000000e2800000, 0x0000000100000000)
  eden space 165376K, 0% used [0x00000000d6c00000,0x00000000d6c00000,0x00000000e0d80000)
  from space 11264K, 52% used [0x00000000e1800000,0x00000000e1dc2888,0x00000000e2300000)
  to   space 10752K, 0% used [0x00000000e0d80000,0x00000000e0d80000,0x00000000e1800000)
 ParOldGen       total 64512K, used 12408K [0x0000000084400000, 0x0000000088300000, 0x00000000d6c00000)
  object space 64512K, 19% used [0x0000000084400000,0x000000008501e100,0x0000000088300000)
 Metaspace       used 34005K, capacity 35206K, committed 35416K, reserved 1081344K
  class space    used 4137K, capacity 4519K, committed 4608K, reserved 1048576K
Event: 17.633 GC heap after
Heap after GC invocations=12 (full 2):
 PSYoungGen      total 176640K, used 0K [0x00000000d6c00000, 0x00000000e2800000, 0x0000000100000000)
  eden space 165376K, 0% used [0x00000000d6c00000,0x00000000d6c00000,0x00000000e0d80000)
  from space 11264K, 0% used [0x00000000e1800000,0x00000000e1800000,0x00000000e2300000)
  to   space 10752K, 0% used [0x00000000e0d80000,0x00000000e0d80000,0x00000000e1800000)
 ParOldGen       total 64512K, used 16296K [0x0000000084400000, 0x0000000088300000, 0x00000000d6c00000)
  object space 64512K, 25% used [0x0000000084400000,0x00000000853ea370,0x0000000088300000)
 Metaspace       used 34005K, capacity 35206K, committed 35416K, reserved 1081344K
  class space    used 4137K, capacity 4519K, committed 4608K, reserved 1048576K
}

