# JRE version: Java(TM) SE Runtime Environment (8.0_60-b27) (build 1.8.0_60-b27)
# Java VM: Java HotSpot(TM) 64-Bit Server VM (25.60-b23 mixed mode windows-amd64 compressed oops)
Heap:
 PSYoungGen      total 129536K, used 54241K [0x00000000d6c00000, 0x00000000e1380000, 0x0000000100000000)
  eden space 118272K, 42% used [0x00000000d6c00000,0x00000000d9d82b58,0x00000000ddf80000)
  from space 11264K, 31% used [0x00000000ddf80000,0x00000000de2f58b8,0x00000000dea80000)
  to   space 11264K, 0% used [0x00000000e0880000,0x00000000e0880000,0x00000000e1380000)
 ParOldGen       total 63488K, used 11730K [0x0000000084400000, 0x0000000088200000, 0x00000000d6c00000)
  object space 63488K, 18% used [0x0000000084400000,0x0000000084f74b80,0x0000000088200000)
 Metaspace       used 28418K, capacity 29578K, committed 29696K, reserved 1075200K
  class space    used 3447K, capacity 3838K, committed 3840K, reserved 1048576K
GC Heap History (10 events):
Event: 12.402 GC heap before
{Heap before GC invocations=4 (full 0):
 PSYoungGen      total 36864K, used 36840K [0x00000000d6c00000, 0x00000000db400000, 0x0000000100000000)
  eden space 31744K, 100% used [0x00000000d6c00000,0x00000000d8b00000,0x00000000d8b00000)
  from space 5120K, 99% used [0x00000000d8b00000,0x00000000d8ffa050,0x00000000d9000000)
  to   space 5120K, 0% used [0x00000000daf00000,0x00000000daf00000,0x00000000db400000)
 ParOldGen       total 84992K, used 8531K [0x0000000084400000, 0x0000000089700000, 0x00000000d6c00000)
  object space 84992K, 10% used [0x0000000084400000,0x0000000084c54f38,0x0000000089700000)
 Metaspace       used 18702K, capacity 19810K, committed 20096K, reserved 1067008K
  class space    used 2241K, capacity 2601K, committed 2688K, reserved 1048576K
Event: 12.411 GC heap after
Heap after GC invocations=4 (full 0):
 PSYoungGen      total 68608K, used 4936K [0x00000000d6c00000, 0x00000000db400000, 0x0000000100000000)
  eden space 63488K, 0% used [0x00000000d6c00000,0x00000000d6c00000,0x00000000daa00000)
  from space 5120K, 96% used [0x00000000daf00000,0x00000000db3d2050,0x00000000db400000)
  to   space 5120K, 0% used [0x00000000daa00000,0x00000000daa00000,0x00000000daf00000)
 ParOldGen       total 84992K, used 8539K [0x0000000084400000, 0x0000000089700000, 0x00000000d6c00000)
  object space 84992K, 10% used [0x0000000084400000,0x0000000084c56f38,0x0000000089700000)
 Metaspace       used 18702K, capacity 19810K, committed 20096K, reserved 1067008K
  class space    used 2241K, capacity 2601K, committed 2688K, reserved 1048576K
}
Event: 12.810 GC heap before
{Heap before GC invocations=5 (full 0):
 PSYoungGen      total 68608K, used 37307K [0x00000000d6c00000, 0x00000000db400000, 0x0000000100000000)
  eden space 63488K, 50% used [0x00000000d6c00000,0x00000000d8b9cec8,0x00000000daa00000)
  from space 5120K, 96% used [0x00000000daf00000,0x00000000db3d2050,0x00000000db400000)
  to   space 5120K, 0% used [0x00000000daa00000,0x00000000daa00000,0x00000000daf00000)
 ParOldGen       total 84992K, used 8539K [0x0000000084400000, 0x0000000089700000, 0x00000000d6c00000)
  object space 84992K, 10% used [0x0000000084400000,0x0000000084c56f38,0x0000000089700000)
 Metaspace       used 19940K, capacity 21018K, committed 21248K, reserved 1067008K
  class space    used 2364K, capacity 2701K, committed 2816K, reserved 1048576K
Event: 12.840 GC heap after
Heap after GC invocations=5 (full 0):
 PSYoungGen      total 68608K, used 5096K [0x00000000d6c00000, 0x00000000dfd00000, 0x0000000100000000)
  eden space 63488K, 0% used [0x00000000d6c00000,0x00000000d6c00000,0x00000000daa00000)
  from space 5120K, 99% used [0x00000000daa00000,0x00000000daefa050,0x00000000daf00000)
  to   space 10752K, 0% used [0x00000000df280000,0x00000000df280000,0x00000000dfd00000)
 ParOldGen       total 84992K, used 9689K [0x0000000084400000, 0x0000000089700000, 0x00000000d6c00000)
  object space 84992K, 11% used [0x0000000084400000,0x0000000084d76438,0x0000000089700000)
 Metaspace       used 19940K, capacity 21018K, committed 21248K, reserved 1067008K
  class space    used 2364K, capacity 2701K, committed 2816K, reserved 1048576K
}
Event: 12.841 GC heap before
{Heap before GC invocations=6 (full 1):
 PSYoungGen      total 68608K, used 5096K [0x00000000d6c00000, 0x00000000dfd00000, 0x0000000100000000)
  eden space 63488K, 0% used [0x00000000d6c00000,0x00000000d6c00000,0x00000000daa00000)
  from space 5120K, 99% used [0x00000000daa00000,0x00000000daefa050,0x00000000daf00000)
  to   space 10752K, 0% used [0x00000000df280000,0x00000000df280000,0x00000000dfd00000)
 ParOldGen       total 84992K, used 9689K [0x0000000084400000, 0x0000000089700000, 0x00000000d6c00000)
  object space 84992K, 11% used [0x0000000084400000,0x0000000084d76438,0x0000000089700000)
 Metaspace       used 19940K, capacity 21018K, committed 21248K, reserved 1067008K
  class space    used 2364K, capacity 2701K, committed 2816K, reserved 1048576K
Event: 12.923 GC heap after
Heap after GC invocations=6 (full 1):
 PSYoungGen      total 68608K, used 0K [0x00000000d6c00000, 0x00000000dfd00000, 0x0000000100000000)
  eden space 63488K, 0% used [0x00000000d6c00000,0x00000000d6c00000,0x00000000daa00000)
  from space 5120K, 0% used [0x00000000daa00000,0x00000000daa00000,0x00000000daf00000)
  to   space 10752K, 0% used [0x00000000df280000,0x00000000df280000,0x00000000dfd00000)
 ParOldGen       total 63488K, used 11722K [0x0000000084400000, 0x0000000088200000, 0x00000000d6c00000)
  object space 63488K, 18% used [0x0000000084400000,0x0000000084f72b80,0x0000000088200000)
 Metaspace       used 19939K, capacity 21016K, committed 21248K, reserved 1067008K
  class space    used 2364K, capacity 2700K, committed 2816K, reserved 1048576K
}
Event: 13.921 GC heap before
{Heap before GC invocations=7 (full 1):
 PSYoungGen      total 68608K, used 63488K [0x00000000d6c00000, 0x00000000dfd00000, 0x0000000100000000)
  eden space 63488K, 100% used [0x00000000d6c00000,0x00000000daa00000,0x00000000daa00000)
  from space 5120K, 0% used [0x00000000daa00000,0x00000000daa00000,0x00000000daf00000)
  to   space 10752K, 0% used [0x00000000df280000,0x00000000df280000,0x00000000dfd00000)
 ParOldGen       total 63488K, used 11722K [0x0000000084400000, 0x0000000088200000, 0x00000000d6c00000)
  object space 63488K, 18% used [0x0000000084400000,0x0000000084f72b80,0x0000000088200000)
 Metaspace       used 23841K, capacity 24990K, committed 25216K, reserved 1071104K
  class space    used 3035K, capacity 3380K, committed 3456K, reserved 1048576K
Event: 13.948 GC heap after
Heap after GC invocations=7 (full 1):
 PSYoungGen      total 101888K, used 3003K [0x00000000d6c00000, 0x00000000df580000, 0x0000000100000000)
  eden space 98816K, 0% used [0x00000000d6c00000,0x00000000d6c00000,0x00000000dcc80000)
  from space 3072K, 97% used [0x00000000df280000,0x00000000df56ee58,0x00000000df580000)
  to   space 11264K, 0% used [0x00000000ddf80000,0x00000000ddf80000,0x00000000dea80000)
 ParOldGen       total 63488K, used 11722K [0x0000000084400000, 0x0000000088200000, 0x00000000d6c00000)
  object space 63488K, 18% used [0x0000000084400000,0x0000000084f72b80,0x0000000088200000)
 Metaspace       used 23841K, capacity 24990K, committed 25216K, reserved 1071104K
  class space    used 3035K, capacity 3380K, committed 3456K, reserved 1048576K
}
Event: 15.472 GC heap before
{Heap before GC invocations=8 (full 1):
 PSYoungGen      total 101888K, used 101819K [0x00000000d6c00000, 0x00000000df580000, 0x0000000100000000)
  eden space 98816K, 100% used [0x00000000d6c00000,0x00000000dcc80000,0x00000000dcc80000)
  from space 3072K, 97% used [0x00000000df280000,0x00000000df56ee58,0x00000000df580000)
  to   space 11264K, 0% used [0x00000000ddf80000,0x00000000ddf80000,0x00000000dea80000)
 ParOldGen       total 63488K, used 11722K [0x0000000084400000, 0x0000000088200000, 0x00000000d6c00000)
  object space 63488K, 18% used [0x0000000084400000,0x0000000084f72b80,0x0000000088200000)
 Metaspace       used 26981K, capacity 28228K, committed 28288K, reserved 1073152K
  class space    used 3331K, capacity 3709K, committed 3712K, reserved 1048576K
Event: 15.484 GC heap after
Heap after GC invocations=8 (full 1):
 PSYoungGen      total 129536K, used 3542K [0x00000000d6c00000, 0x00000000e1380000, 0x0000000100000000)
  eden space 118272K, 0% used [0x00000000d6c00000,0x00000000d6c00000,0x00000000ddf80000)
  from space 11264K, 31% used [0x00000000ddf80000,0x00000000de2f58b8,0x00000000dea80000)
  to   space 11264K, 0% used [0x00000000e0880000,0x00000000e0880000,0x00000000e1380000)
 ParOldGen       total 63488K, used 11730K [0x0000000084400000, 0x0000000088200000, 0x00000000d6c00000)
  object space 63488K, 18% used [0x0000000084400000,0x0000000084f74b80,0x0000000088200000)
 Metaspace       used 26981K, capacity 28228K, committed 28288K, reserved 1073152K
  class space    used 3331K, capacity 3709K, committed 3712K, reserved 1048576K
}

