# JRE version: Java(TM) SE Runtime Environment (8.0_60-b27) (build 1.8.0_60-b27)
# Java VM: Java HotSpot(TM) 64-Bit Server VM (25.60-b23 mixed mode windows-amd64 compressed oops)
Heap:
 PSYoungGen      total 427520K, used 32802K [0x00000000d6c00000, 0x00000000f3580000, 0x0000000100000000)
  eden space 396800K, 4% used [0x00000000d6c00000,0x00000000d7e82be8,0x00000000eef80000)
  from space 30720K, 45% used [0x00000000f1780000,0x00000000f2505c18,0x00000000f3580000)
  to   space 35840K, 0% used [0x00000000eef80000,0x00000000eef80000,0x00000000f1280000)
 ParOldGen       total 150016K, used 38639K [0x0000000084400000, 0x000000008d680000, 0x00000000d6c00000)
  object space 150016K, 25% used [0x0000000084400000,0x00000000869bbf90,0x000000008d680000)
 Metaspace       used 74635K, capacity 77000K, committed 77312K, reserved 1118208K
  class space    used 8294K, capacity 8872K, committed 8960K, reserved 1048576K
GC Heap History (10 events):
Event: 41.940 GC heap before
{Heap before GC invocations=19 (full 2):
 PSYoungGen      total 366080K, used 156377K [0x00000000d6c00000, 0x00000000f0700000, 0x0000000100000000)
  eden space 338944K, 38% used [0x00000000d6c00000,0x00000000dea38438,0x00000000eb700000)
  from space 27136K, 99% used [0x00000000eda80000,0x00000000ef4fe1f8,0x00000000ef500000)
  to   space 36352K, 0% used [0x00000000eb700000,0x00000000eb700000,0x00000000eda80000)
 ParOldGen       total 92672K, used 58861K [0x0000000084400000, 0x0000000089e80000, 0x00000000d6c00000)
  object space 92672K, 63% used [0x0000000084400000,0x0000000087d7b728,0x0000000089e80000)
 Metaspace       used 56532K, capacity 58794K, committed 59008K, reserved 1101824K
  class space    used 6633K, capacity 7188K, committed 7296K, reserved 1048576K
Event: 41.969 GC heap after
Heap after GC invocations=19 (full 2):
 PSYoungGen      total 375296K, used 20600K [0x00000000d6c00000, 0x00000000f3b80000, 0x0000000100000000)
  eden space 338944K, 0% used [0x00000000d6c00000,0x00000000d6c00000,0x00000000eb700000)
  from space 36352K, 56% used [0x00000000eb700000,0x00000000ecb1e3a8,0x00000000eda80000)
  to   space 36864K, 0% used [0x00000000f1780000,0x00000000f1780000,0x00000000f3b80000)
 ParOldGen       total 92672K, used 58869K [0x0000000084400000, 0x0000000089e80000, 0x00000000d6c00000)
  object space 92672K, 63% used [0x0000000084400000,0x0000000087d7d728,0x0000000089e80000)
 Metaspace       used 56532K, capacity 58794K, committed 59008K, reserved 1101824K
  class space    used 6633K, capacity 7188K, committed 7296K, reserved 1048576K
}
Event: 41.977 GC heap before
{Heap before GC invocations=20 (full 3):
 PSYoungGen      total 375296K, used 20600K [0x00000000d6c00000, 0x00000000f3b80000, 0x0000000100000000)
  eden space 338944K, 0% used [0x00000000d6c00000,0x00000000d6c00000,0x00000000eb700000)
  from space 36352K, 56% used [0x00000000eb700000,0x00000000ecb1e3a8,0x00000000eda80000)
  to   space 36864K, 0% used [0x00000000f1780000,0x00000000f1780000,0x00000000f3b80000)
 ParOldGen       total 92672K, used 58869K [0x0000000084400000, 0x0000000089e80000, 0x00000000d6c00000)
  object space 92672K, 63% used [0x0000000084400000,0x0000000087d7d728,0x0000000089e80000)
 Metaspace       used 56532K, capacity 58794K, committed 59008K, reserved 1101824K
  class space    used 6633K, capacity 7188K, committed 7296K, reserved 1048576K
Event: 42.274 GC heap after
Heap after GC invocations=20 (full 3):
 PSYoungGen      total 375296K, used 0K [0x00000000d6c00000, 0x00000000f3b80000, 0x0000000100000000)
  eden space 338944K, 0% used [0x00000000d6c00000,0x00000000d6c00000,0x00000000eb700000)
  from space 36352K, 0% used [0x00000000eb700000,0x00000000eb700000,0x00000000eda80000)
  to   space 36864K, 0% used [0x00000000f1780000,0x00000000f1780000,0x00000000f3b80000)
 ParOldGen       total 150016K, used 38615K [0x0000000084400000, 0x000000008d680000, 0x00000000d6c00000)
  object space 150016K, 25% used [0x0000000084400000,0x00000000869b5f90,0x000000008d680000)
 Metaspace       used 56532K, capacity 58794K, committed 59008K, reserved 1101824K
  class space    used 6633K, capacity 7188K, committed 7296K, reserved 1048576K
}
Event: 45.545 GC heap before
{Heap before GC invocations=21 (full 3):
 PSYoungGen      total 375296K, used 338944K [0x00000000d6c00000, 0x00000000f3b80000, 0x0000000100000000)
  eden space 338944K, 100% used [0x00000000d6c00000,0x00000000eb700000,0x00000000eb700000)
  from space 36352K, 0% used [0x00000000eb700000,0x00000000eb700000,0x00000000eda80000)
  to   space 36864K, 0% used [0x00000000f1780000,0x00000000f1780000,0x00000000f3b80000)
 ParOldGen       total 150016K, used 38615K [0x0000000084400000, 0x000000008d680000, 0x00000000d6c00000)
  object space 150016K, 25% used [0x0000000084400000,0x00000000869b5f90,0x000000008d680000)
 Metaspace       used 62009K, capacity 64336K, committed 64640K, reserved 1105920K
  class space    used 7195K, capacity 7733K, committed 7808K, reserved 1048576K
Event: 45.558 GC heap after
Heap after GC invocations=21 (full 3):
 PSYoungGen      total 427520K, used 6170K [0x00000000d6c00000, 0x00000000f3580000, 0x0000000100000000)
  eden space 396800K, 0% used [0x00000000d6c00000,0x00000000d6c00000,0x00000000eef80000)
  from space 30720K, 20% used [0x00000000f1780000,0x00000000f1d86938,0x00000000f3580000)
  to   space 35840K, 0% used [0x00000000eef80000,0x00000000eef80000,0x00000000f1280000)
 ParOldGen       total 150016K, used 38623K [0x0000000084400000, 0x000000008d680000, 0x00000000d6c00000)
  object space 150016K, 25% used [0x0000000084400000,0x00000000869b7f90,0x000000008d680000)
 Metaspace       used 62009K, capacity 64336K, committed 64640K, reserved 1105920K
  class space    used 7195K, capacity 7733K, committed 7808K, reserved 1048576K
}
Event: 101.875 GC heap before
{Heap before GC invocations=22 (full 3):
 PSYoungGen      total 427520K, used 402970K [0x00000000d6c00000, 0x00000000f3580000, 0x0000000100000000)
  eden space 396800K, 100% used [0x00000000d6c00000,0x00000000eef80000,0x00000000eef80000)
  from space 30720K, 20% used [0x00000000f1780000,0x00000000f1d86938,0x00000000f3580000)
  to   space 35840K, 0% used [0x00000000eef80000,0x00000000eef80000,0x00000000f1280000)
 ParOldGen       total 150016K, used 38623K [0x0000000084400000, 0x000000008d680000, 0x00000000d6c00000)
  object space 150016K, 25% used [0x0000000084400000,0x00000000869b7f90,0x000000008d680000)
 Metaspace       used 68134K, capacity 70484K, committed 70912K, reserved 1112064K
  class space    used 7840K, capacity 8389K, committed 8448K, reserved 1048576K
Event: 101.893 GC heap after
Heap after GC invocations=22 (full 3):
 PSYoungGen      total 432640K, used 11206K [0x00000000d6c00000, 0x00000000f3580000, 0x0000000100000000)
  eden space 396800K, 0% used [0x00000000d6c00000,0x00000000d6c00000,0x00000000eef80000)
  from space 35840K, 31% used [0x00000000eef80000,0x00000000efa71958,0x00000000f1280000)
  to   space 30720K, 0% used [0x00000000f1780000,0x00000000f1780000,0x00000000f3580000)
 ParOldGen       total 150016K, used 38631K [0x0000000084400000, 0x000000008d680000, 0x00000000d6c00000)
  object space 150016K, 25% used [0x0000000084400000,0x00000000869b9f90,0x000000008d680000)
 Metaspace       used 68134K, capacity 70484K, committed 70912K, reserved 1112064K
  class space    used 7840K, capacity 8389K, committed 8448K, reserved 1048576K
}
Event: 104.602 GC heap before
{Heap before GC invocations=23 (full 3):
 PSYoungGen      total 432640K, used 408006K [0x00000000d6c00000, 0x00000000f3580000, 0x0000000100000000)
  eden space 396800K, 100% used [0x00000000d6c00000,0x00000000eef80000,0x00000000eef80000)
  from space 35840K, 31% used [0x00000000eef80000,0x00000000efa71958,0x00000000f1280000)
  to   space 30720K, 0% used [0x00000000f1780000,0x00000000f1780000,0x00000000f3580000)
 ParOldGen       total 150016K, used 38631K [0x0000000084400000, 0x000000008d680000, 0x00000000d6c00000)
  object space 150016K, 25% used [0x0000000084400000,0x00000000869b9f90,0x000000008d680000)
 Metaspace       used 73998K, capacity 76276K, committed 76672K, reserved 1118208K
  class space    used 8237K, capacity 8805K, committed 8832K, reserved 1048576K
Event: 104.617 GC heap after
Heap after GC invocations=23 (full 3):
 PSYoungGen      total 427520K, used 13847K [0x00000000d6c00000, 0x00000000f3580000, 0x0000000100000000)
  eden space 396800K, 0% used [0x00000000d6c00000,0x00000000d6c00000,0x00000000eef80000)
  from space 30720K, 45% used [0x00000000f1780000,0x00000000f2505c18,0x00000000f3580000)
  to   space 35840K, 0% used [0x00000000eef80000,0x00000000eef80000,0x00000000f1280000)
 ParOldGen       total 150016K, used 38639K [0x0000000084400000, 0x000000008d680000, 0x00000000d6c00000)
  object space 150016K, 25% used [0x0000000084400000,0x00000000869bbf90,0x000000008d680000)
 Metaspace       used 73998K, capacity 76276K, committed 76672K, reserved 1118208K
  class space    used 8237K, capacity 8805K, committed 8832K, reserved 1048576K
}

